0 info it worked if it ends with ok
1 verbose cli [ '/usr/bin/node', '/usr/bin/npm', 'init' ]
2 info using npm@1.4.28
3 info using node@v0.10.33
4 verbose node symlink /usr/bin/node
5 verbose config Skipping project config: /home/jasleen/.npmrc. (matches userconfig)
6 silly package data undefined
7 info init written successfully
8 error Error: Invalid name: "Real time dashboards for ecommerce retailers"
8 error     at ensureValidName (/usr/lib/node_modules/npm/node_modules/read-package-json/node_modules/normalize-package-data/lib/fixer.js:315:15)
8 error     at Object.module.exports.fixNameField (/usr/lib/node_modules/npm/node_modules/read-package-json/node_modules/normalize-package-data/lib/fixer.js:204:5)
8 error     at /usr/lib/node_modules/npm/node_modules/read-package-json/node_modules/normalize-package-data/lib/normalize.js:30:38
8 error     at Array.forEach (native)
8 error     at normalize (/usr/lib/node_modules/npm/node_modules/read-package-json/node_modules/normalize-package-data/lib/normalize.js:29:15)
8 error     at final (/usr/lib/node_modules/npm/node_modules/read-package-json/read-json.js:342:33)
8 error     at then (/usr/lib/node_modules/npm/node_modules/read-package-json/read-json.js:126:33)
8 error     at /usr/lib/node_modules/npm/node_modules/read-package-json/read-json.js:328:57
8 error     at evalmachine.<anonymous>:207:20
8 error     at OpenReq.Req.done (/usr/lib/node_modules/npm/node_modules/graceful-fs/graceful-fs.js:141:5)
9 error If you need help, you may report this *entire* log,
9 error including the npm and node versions, at:
9 error     <http://github.com/npm/npm/issues>
10 error System Linux 3.13.0-35-generic
11 error command "/usr/bin/node" "/usr/bin/npm" "init"
12 error cwd /home/jasleen/my-webapp
13 error node -v v0.10.33
14 error npm -v 1.4.28
15 verbose exit [ 1, true ]
